[2015-06-04 01:56:10,681][INFO ][cluster.metadata         ] [Dweller-in-Darkness] closing indices [[hivesystemcontents]]
[2015-06-04 01:56:11,026][DEBUG][action.admin.indices.settings.put] [Dweller-in-Darkness] failed to update settings on indices [hivesystemcontents]
org.elasticsearch.ElasticsearchIllegalArgumentException: can't change the number of shards for an index
	at org.elasticsearch.cluster.metadata.MetaDataUpdateSettingsService.updateSettings(MetaDataUpdateSettingsService.java:175)
	at org.elasticsearch.action.admin.indices.settings.put.TransportUpdateSettingsAction.masterOperation(TransportUpdateSettingsAction.java:90)
	at org.elasticsearch.action.admin.indices.settings.put.TransportUpdateSettingsAction.masterOperation(TransportUpdateSettingsAction.java:41)
	at org.elasticsearch.action.support.master.TransportMasterNodeOperationAction$3.run(TransportMasterNodeOperationAction.java:134)
	at org.elasticsearch.common.util.concurrent.MoreExecutors$DirectExecutor.execute(MoreExecutors.java:457)
	at org.elasticsearch.action.support.master.TransportMasterNodeOperationAction.innerExecute(TransportMasterNodeOperationAction.java:130)
	at org.elasticsearch.action.support.master.TransportMasterNodeOperationAction.doExecute(TransportMasterNodeOperationAction.java:88)
	at org.elasticsearch.action.support.master.TransportMasterNodeOperationAction.doExecute(TransportMasterNodeOperationAction.java:43)
	at org.elasticsearch.action.support.TransportAction.execute(TransportAction.java:75)
	at org.elasticsearch.action.support.master.TransportMasterNodeOperationAction$TransportHandler.messageReceived(TransportMasterNodeOperationAction.java:251)
	at org.elasticsearch.action.support.master.TransportMasterNodeOperationAction$TransportHandler.messageReceived(TransportMasterNodeOperationAction.java:235)
	at org.elasticsearch.transport.netty.MessageChannelHandler.handleRequest(MessageChannelHandler.java:220)
	at org.elasticsearch.transport.netty.MessageChannelHandler.messageReceived(MessageChannelHandler.java:114)
	at org.elasticsearch.common.netty.channel.SimpleChannelUpstreamHandler.handleUpstream(SimpleChannelUpstreamHandler.java:70)
	at org.elasticsearch.common.netty.channel.DefaultChannelPipeline.sendUpstream(DefaultChannelPipeline.java:564)
	at org.elasticsearch.common.netty.channel.DefaultChannelPipeline$DefaultChannelHandlerContext.sendUpstream(DefaultChannelPipeline.java:791)
	at org.elasticsearch.common.netty.channel.Channels.fireMessageReceived(Channels.java:296)
	at org.elasticsearch.common.netty.handler.codec.frame.FrameDecoder.unfoldAndFireMessageReceived(FrameDecoder.java:462)
	at org.elasticsearch.common.netty.handler.codec.frame.FrameDecoder.callDecode(FrameDecoder.java:443)
	at org.elasticsearch.common.netty.handler.codec.frame.FrameDecoder.messageReceived(FrameDecoder.java:303)
	at org.elasticsearch.common.netty.channel.SimpleChannelUpstreamHandler.handleUpstream(SimpleChannelUpstreamHandler.java:70)
	at org.elasticsearch.common.netty.channel.DefaultChannelPipeline.sendUpstream(DefaultChannelPipeline.java:564)
	at org.elasticsearch.common.netty.channel.DefaultChannelPipeline$DefaultChannelHandlerContext.sendUpstream(DefaultChannelPipeline.java:791)
	at org.elasticsearch.common.netty.OpenChannelsHandler.handleUpstream(OpenChannelsHandler.java:74)
	at org.elasticsearch.common.netty.channel.DefaultChannelPipeline.sendUpstream(DefaultChannelPipeline.java:564)
	at org.elasticsearch.common.netty.channel.DefaultChannelPipeline.sendUpstream(DefaultChannelPipeline.java:559)
	at org.elasticsearch.common.netty.channel.Channels.fireMessageReceived(Channels.java:268)
	at org.elasticsearch.common.netty.channel.Channels.fireMessageReceived(Channels.java:255)
	at org.elasticsearch.common.netty.channel.socket.nio.NioWorker.read(NioWorker.java:88)
	at org.elasticsearch.common.netty.channel.socket.nio.AbstractNioWorker.process(AbstractNioWorker.java:108)
	at org.elasticsearch.common.netty.channel.socket.nio.AbstractNioSelector.run(AbstractNioSelector.java:337)
	at org.elasticsearch.common.netty.channel.socket.nio.AbstractNioWorker.run(AbstractNioWorker.java:89)
	at org.elasticsearch.common.netty.channel.socket.nio.NioWorker.run(NioWorker.java:178)
	at org.elasticsearch.common.netty.util.ThreadRenamingRunnable.run(ThreadRenamingRunnable.java:108)
	at org.elasticsearch.common.netty.util.internal.DeadLockProofWorker$1.run(DeadLockProofWorker.java:42)
	at java.util.concurrent.ThreadPoolExecutor.runWorker(ThreadPoolExecutor.java:1142)
	at java.util.concurrent.ThreadPoolExecutor$Worker.run(ThreadPoolExecutor.java:617)
	at java.lang.Thread.run(Thread.java:745)
[2015-06-04 01:57:24,472][DEBUG][action.admin.indices.settings.put] [Dweller-in-Darkness] failed to update settings on indices [hivesystemcontents]
org.elasticsearch.ElasticsearchIllegalArgumentException: can't change the number of shards for an index
	at org.elasticsearch.cluster.metadata.MetaDataUpdateSettingsService.updateSettings(MetaDataUpdateSettingsService.java:175)
	at org.elasticsearch.action.admin.indices.settings.put.TransportUpdateSettingsAction.masterOperation(TransportUpdateSettingsAction.java:90)
	at org.elasticsearch.action.admin.indices.settings.put.TransportUpdateSettingsAction.masterOperation(TransportUpdateSettingsAction.java:41)
	at org.elasticsearch.action.support.master.TransportMasterNodeOperationAction$3.run(TransportMasterNodeOperationAction.java:134)
	at org.elasticsearch.common.util.concurrent.MoreExecutors$DirectExecutor.execute(MoreExecutors.java:457)
	at org.elasticsearch.action.support.master.TransportMasterNodeOperationAction.innerExecute(TransportMasterNodeOperationAction.java:130)
	at org.elasticsearch.action.support.master.TransportMasterNodeOperationAction.doExecute(TransportMasterNodeOperationAction.java:88)
	at org.elasticsearch.action.support.master.TransportMasterNodeOperationAction.doExecute(TransportMasterNodeOperationAction.java:43)
	at org.elasticsearch.action.support.TransportAction.execute(TransportAction.java:75)
	at org.elasticsearch.action.support.master.TransportMasterNodeOperationAction$TransportHandler.messageReceived(TransportMasterNodeOperationAction.java:251)
	at org.elasticsearch.action.support.master.TransportMasterNodeOperationAction$TransportHandler.messageReceived(TransportMasterNodeOperationAction.java:235)
	at org.elasticsearch.transport.netty.MessageChannelHandler.handleRequest(MessageChannelHandler.java:220)
	at org.elasticsearch.transport.netty.MessageChannelHandler.messageReceived(MessageChannelHandler.java:114)
	at org.elasticsearch.common.netty.channel.SimpleChannelUpstreamHandler.handleUpstream(SimpleChannelUpstreamHandler.java:70)
	at org.elasticsearch.common.netty.channel.DefaultChannelPipeline.sendUpstream(DefaultChannelPipeline.java:564)
	at org.elasticsearch.common.netty.channel.DefaultChannelPipeline$DefaultChannelHandlerContext.sendUpstream(DefaultChannelPipeline.java:791)
	at org.elasticsearch.common.netty.channel.Channels.fireMessageReceived(Channels.java:296)
	at org.elasticsearch.common.netty.handler.codec.frame.FrameDecoder.unfoldAndFireMessageReceived(FrameDecoder.java:462)
	at org.elasticsearch.common.netty.handler.codec.frame.FrameDecoder.callDecode(FrameDecoder.java:443)
	at org.elasticsearch.common.netty.handler.codec.frame.FrameDecoder.messageReceived(FrameDecoder.java:303)
	at org.elasticsearch.common.netty.channel.SimpleChannelUpstreamHandler.handleUpstream(SimpleChannelUpstreamHandler.java:70)
	at org.elasticsearch.common.netty.channel.DefaultChannelPipeline.sendUpstream(DefaultChannelPipeline.java:564)
	at org.elasticsearch.common.netty.channel.DefaultChannelPipeline$DefaultChannelHandlerContext.sendUpstream(DefaultChannelPipeline.java:791)
	at org.elasticsearch.common.netty.OpenChannelsHandler.handleUpstream(OpenChannelsHandler.java:74)
	at org.elasticsearch.common.netty.channel.DefaultChannelPipeline.sendUpstream(DefaultChannelPipeline.java:564)
	at org.elasticsearch.common.netty.channel.DefaultChannelPipeline.sendUpstream(DefaultChannelPipeline.java:559)
	at org.elasticsearch.common.netty.channel.Channels.fireMessageReceived(Channels.java:268)
	at org.elasticsearch.common.netty.channel.Channels.fireMessageReceived(Channels.java:255)
	at org.elasticsearch.common.netty.channel.socket.nio.NioWorker.read(NioWorker.java:88)
	at org.elasticsearch.common.netty.channel.socket.nio.AbstractNioWorker.process(AbstractNioWorker.java:108)
	at org.elasticsearch.common.netty.channel.socket.nio.AbstractNioSelector.run(AbstractNioSelector.java:337)
	at org.elasticsearch.common.netty.channel.socket.nio.AbstractNioWorker.run(AbstractNioWorker.java:89)
	at org.elasticsearch.common.netty.channel.socket.nio.NioWorker.run(NioWorker.java:178)
	at org.elasticsearch.common.netty.util.ThreadRenamingRunnable.run(ThreadRenamingRunnable.java:108)
	at org.elasticsearch.common.netty.util.internal.DeadLockProofWorker$1.run(DeadLockProofWorker.java:42)
	at java.util.concurrent.ThreadPoolExecutor.runWorker(ThreadPoolExecutor.java:1142)
	at java.util.concurrent.ThreadPoolExecutor$Worker.run(ThreadPoolExecutor.java:617)
	at java.lang.Thread.run(Thread.java:745)
[2015-06-04 02:06:39,448][DEBUG][action.admin.indices.settings.put] [Dweller-in-Darkness] failed to update settings on indices [hivesystemcontents]
org.elasticsearch.ElasticsearchIllegalArgumentException: can't change the number of shards for an index
	at org.elasticsearch.cluster.metadata.MetaDataUpdateSettingsService.updateSettings(MetaDataUpdateSettingsService.java:175)
	at org.elasticsearch.action.admin.indices.settings.put.TransportUpdateSettingsAction.masterOperation(TransportUpdateSettingsAction.java:90)
	at org.elasticsearch.action.admin.indices.settings.put.TransportUpdateSettingsAction.masterOperation(TransportUpdateSettingsAction.java:41)
	at org.elasticsearch.action.support.master.TransportMasterNodeOperationAction$3.run(TransportMasterNodeOperationAction.java:134)
	at org.elasticsearch.common.util.concurrent.MoreExecutors$DirectExecutor.execute(MoreExecutors.java:457)
	at org.elasticsearch.action.support.master.TransportMasterNodeOperationAction.innerExecute(TransportMasterNodeOperationAction.java:130)
	at org.elasticsearch.action.support.master.TransportMasterNodeOperationAction.doExecute(TransportMasterNodeOperationAction.java:88)
	at org.elasticsearch.action.support.master.TransportMasterNodeOperationAction.doExecute(TransportMasterNodeOperationAction.java:43)
	at org.elasticsearch.action.support.TransportAction.execute(TransportAction.java:75)
	at org.elasticsearch.action.support.master.TransportMasterNodeOperationAction$TransportHandler.messageReceived(TransportMasterNodeOperationAction.java:251)
	at org.elasticsearch.action.support.master.TransportMasterNodeOperationAction$TransportHandler.messageReceived(TransportMasterNodeOperationAction.java:235)
	at org.elasticsearch.transport.netty.MessageChannelHandler.handleRequest(MessageChannelHandler.java:220)
	at org.elasticsearch.transport.netty.MessageChannelHandler.messageReceived(MessageChannelHandler.java:114)
	at org.elasticsearch.common.netty.channel.SimpleChannelUpstreamHandler.handleUpstream(SimpleChannelUpstreamHandler.java:70)
	at org.elasticsearch.common.netty.channel.DefaultChannelPipeline.sendUpstream(DefaultChannelPipeline.java:564)
	at org.elasticsearch.common.netty.channel.DefaultChannelPipeline$DefaultChannelHandlerContext.sendUpstream(DefaultChannelPipeline.java:791)
	at org.elasticsearch.common.netty.channel.Channels.fireMessageReceived(Channels.java:296)
	at org.elasticsearch.common.netty.handler.codec.frame.FrameDecoder.unfoldAndFireMessageReceived(FrameDecoder.java:462)
	at org.elasticsearch.common.netty.handler.codec.frame.FrameDecoder.callDecode(FrameDecoder.java:443)
	at org.elasticsearch.common.netty.handler.codec.frame.FrameDecoder.messageReceived(FrameDecoder.java:303)
	at org.elasticsearch.common.netty.channel.SimpleChannelUpstreamHandler.handleUpstream(SimpleChannelUpstreamHandler.java:70)
	at org.elasticsearch.common.netty.channel.DefaultChannelPipeline.sendUpstream(DefaultChannelPipeline.java:564)
	at org.elasticsearch.common.netty.channel.DefaultChannelPipeline$DefaultChannelHandlerContext.sendUpstream(DefaultChannelPipeline.java:791)
	at org.elasticsearch.common.netty.OpenChannelsHandler.handleUpstream(OpenChannelsHandler.java:74)
	at org.elasticsearch.common.netty.channel.DefaultChannelPipeline.sendUpstream(DefaultChannelPipeline.java:564)
	at org.elasticsearch.common.netty.channel.DefaultChannelPipeline.sendUpstream(DefaultChannelPipeline.java:559)
	at org.elasticsearch.common.netty.channel.Channels.fireMessageReceived(Channels.java:268)
	at org.elasticsearch.common.netty.channel.Channels.fireMessageReceived(Channels.java:255)
	at org.elasticsearch.common.netty.channel.socket.nio.NioWorker.read(NioWorker.java:88)
	at org.elasticsearch.common.netty.channel.socket.nio.AbstractNioWorker.process(AbstractNioWorker.java:108)
	at org.elasticsearch.common.netty.channel.socket.nio.AbstractNioSelector.run(AbstractNioSelector.java:337)
	at org.elasticsearch.common.netty.channel.socket.nio.AbstractNioWorker.run(AbstractNioWorker.java:89)
	at org.elasticsearch.common.netty.channel.socket.nio.NioWorker.run(NioWorker.java:178)
	at org.elasticsearch.common.netty.util.ThreadRenamingRunnable.run(ThreadRenamingRunnable.java:108)
	at org.elasticsearch.common.netty.util.internal.DeadLockProofWorker$1.run(DeadLockProofWorker.java:42)
	at java.util.concurrent.ThreadPoolExecutor.runWorker(ThreadPoolExecutor.java:1142)
	at java.util.concurrent.ThreadPoolExecutor$Worker.run(ThreadPoolExecutor.java:617)
	at java.lang.Thread.run(Thread.java:745)
[2015-06-04 02:07:40,708][DEBUG][action.admin.indices.settings.put] [Dweller-in-Darkness] failed to update settings on indices [hivesystemcontents]
org.elasticsearch.ElasticsearchIllegalArgumentException: can't change the number of shards for an index
	at org.elasticsearch.cluster.metadata.MetaDataUpdateSettingsService.updateSettings(MetaDataUpdateSettingsService.java:175)
	at org.elasticsearch.action.admin.indices.settings.put.TransportUpdateSettingsAction.masterOperation(TransportUpdateSettingsAction.java:90)
	at org.elasticsearch.action.admin.indices.settings.put.TransportUpdateSettingsAction.masterOperation(TransportUpdateSettingsAction.java:41)
	at org.elasticsearch.action.support.master.TransportMasterNodeOperationAction$3.run(TransportMasterNodeOperationAction.java:134)
	at org.elasticsearch.common.util.concurrent.MoreExecutors$DirectExecutor.execute(MoreExecutors.java:457)
	at org.elasticsearch.action.support.master.TransportMasterNodeOperationAction.innerExecute(TransportMasterNodeOperationAction.java:130)
	at org.elasticsearch.action.support.master.TransportMasterNodeOperationAction.doExecute(TransportMasterNodeOperationAction.java:88)
	at org.elasticsearch.action.support.master.TransportMasterNodeOperationAction.doExecute(TransportMasterNodeOperationAction.java:43)
	at org.elasticsearch.action.support.TransportAction.execute(TransportAction.java:75)
	at org.elasticsearch.action.support.master.TransportMasterNodeOperationAction$TransportHandler.messageReceived(TransportMasterNodeOperationAction.java:251)
	at org.elasticsearch.action.support.master.TransportMasterNodeOperationAction$TransportHandler.messageReceived(TransportMasterNodeOperationAction.java:235)
	at org.elasticsearch.transport.netty.MessageChannelHandler.handleRequest(MessageChannelHandler.java:220)
	at org.elasticsearch.transport.netty.MessageChannelHandler.messageReceived(MessageChannelHandler.java:114)
	at org.elasticsearch.common.netty.channel.SimpleChannelUpstreamHandler.handleUpstream(SimpleChannelUpstreamHandler.java:70)
	at org.elasticsearch.common.netty.channel.DefaultChannelPipeline.sendUpstream(DefaultChannelPipeline.java:564)
	at org.elasticsearch.common.netty.channel.DefaultChannelPipeline$DefaultChannelHandlerContext.sendUpstream(DefaultChannelPipeline.java:791)
	at org.elasticsearch.common.netty.channel.Channels.fireMessageReceived(Channels.java:296)
	at org.elasticsearch.common.netty.handler.codec.frame.FrameDecoder.unfoldAndFireMessageReceived(FrameDecoder.java:462)
	at org.elasticsearch.common.netty.handler.codec.frame.FrameDecoder.callDecode(FrameDecoder.java:443)
	at org.elasticsearch.common.netty.handler.codec.frame.FrameDecoder.messageReceived(FrameDecoder.java:303)
	at org.elasticsearch.common.netty.channel.SimpleChannelUpstreamHandler.handleUpstream(SimpleChannelUpstreamHandler.java:70)
	at org.elasticsearch.common.netty.channel.DefaultChannelPipeline.sendUpstream(DefaultChannelPipeline.java:564)
	at org.elasticsearch.common.netty.channel.DefaultChannelPipeline$DefaultChannelHandlerContext.sendUpstream(DefaultChannelPipeline.java:791)
	at org.elasticsearch.common.netty.OpenChannelsHandler.handleUpstream(OpenChannelsHandler.java:74)
	at org.elasticsearch.common.netty.channel.DefaultChannelPipeline.sendUpstream(DefaultChannelPipeline.java:564)
	at org.elasticsearch.common.netty.channel.DefaultChannelPipeline.sendUpstream(DefaultChannelPipeline.java:559)
	at org.elasticsearch.common.netty.channel.Channels.fireMessageReceived(Channels.java:268)
	at org.elasticsearch.common.netty.channel.Channels.fireMessageReceived(Channels.java:255)
	at org.elasticsearch.common.netty.channel.socket.nio.NioWorker.read(NioWorker.java:88)
	at org.elasticsearch.common.netty.channel.socket.nio.AbstractNioWorker.process(AbstractNioWorker.java:108)
	at org.elasticsearch.common.netty.channel.socket.nio.AbstractNioSelector.run(AbstractNioSelector.java:337)
	at org.elasticsearch.common.netty.channel.socket.nio.AbstractNioWorker.run(AbstractNioWorker.java:89)
	at org.elasticsearch.common.netty.channel.socket.nio.NioWorker.run(NioWorker.java:178)
	at org.elasticsearch.common.netty.util.ThreadRenamingRunnable.run(ThreadRenamingRunnable.java:108)
	at org.elasticsearch.common.netty.util.internal.DeadLockProofWorker$1.run(DeadLockProofWorker.java:42)
	at java.util.concurrent.ThreadPoolExecutor.runWorker(ThreadPoolExecutor.java:1142)
	at java.util.concurrent.ThreadPoolExecutor$Worker.run(ThreadPoolExecutor.java:617)
	at java.lang.Thread.run(Thread.java:745)
[2015-06-04 02:08:19,521][DEBUG][action.admin.indices.settings.put] [Dweller-in-Darkness] failed to update settings on indices [hivesystemcontents]
org.elasticsearch.ElasticsearchIllegalArgumentException: can't change the number of shards for an index
	at org.elasticsearch.cluster.metadata.MetaDataUpdateSettingsService.updateSettings(MetaDataUpdateSettingsService.java:175)
	at org.elasticsearch.action.admin.indices.settings.put.TransportUpdateSettingsAction.masterOperation(TransportUpdateSettingsAction.java:90)
	at org.elasticsearch.action.admin.indices.settings.put.TransportUpdateSettingsAction.masterOperation(TransportUpdateSettingsAction.java:41)
	at org.elasticsearch.action.support.master.TransportMasterNodeOperationAction$3.run(TransportMasterNodeOperationAction.java:134)
	at org.elasticsearch.common.util.concurrent.MoreExecutors$DirectExecutor.execute(MoreExecutors.java:457)
	at org.elasticsearch.action.support.master.TransportMasterNodeOperationAction.innerExecute(TransportMasterNodeOperationAction.java:130)
	at org.elasticsearch.action.support.master.TransportMasterNodeOperationAction.doExecute(TransportMasterNodeOperationAction.java:88)
	at org.elasticsearch.action.support.master.TransportMasterNodeOperationAction.doExecute(TransportMasterNodeOperationAction.java:43)
	at org.elasticsearch.action.support.TransportAction.execute(TransportAction.java:75)
	at org.elasticsearch.action.support.master.TransportMasterNodeOperationAction$TransportHandler.messageReceived(TransportMasterNodeOperationAction.java:251)
	at org.elasticsearch.action.support.master.TransportMasterNodeOperationAction$TransportHandler.messageReceived(TransportMasterNodeOperationAction.java:235)
	at org.elasticsearch.transport.netty.MessageChannelHandler.handleRequest(MessageChannelHandler.java:220)
	at org.elasticsearch.transport.netty.MessageChannelHandler.messageReceived(MessageChannelHandler.java:114)
	at org.elasticsearch.common.netty.channel.SimpleChannelUpstreamHandler.handleUpstream(SimpleChannelUpstreamHandler.java:70)
	at org.elasticsearch.common.netty.channel.DefaultChannelPipeline.sendUpstream(DefaultChannelPipeline.java:564)
	at org.elasticsearch.common.netty.channel.DefaultChannelPipeline$DefaultChannelHandlerContext.sendUpstream(DefaultChannelPipeline.java:791)
	at org.elasticsearch.common.netty.channel.Channels.fireMessageReceived(Channels.java:296)
	at org.elasticsearch.common.netty.handler.codec.frame.FrameDecoder.unfoldAndFireMessageReceived(FrameDecoder.java:462)
	at org.elasticsearch.common.netty.handler.codec.frame.FrameDecoder.callDecode(FrameDecoder.java:443)
	at org.elasticsearch.common.netty.handler.codec.frame.FrameDecoder.messageReceived(FrameDecoder.java:303)
	at org.elasticsearch.common.netty.channel.SimpleChannelUpstreamHandler.handleUpstream(SimpleChannelUpstreamHandler.java:70)
	at org.elasticsearch.common.netty.channel.DefaultChannelPipeline.sendUpstream(DefaultChannelPipeline.java:564)
	at org.elasticsearch.common.netty.channel.DefaultChannelPipeline$DefaultChannelHandlerContext.sendUpstream(DefaultChannelPipeline.java:791)
	at org.elasticsearch.common.netty.OpenChannelsHandler.handleUpstream(OpenChannelsHandler.java:74)
	at org.elasticsearch.common.netty.channel.DefaultChannelPipeline.sendUpstream(DefaultChannelPipeline.java:564)
	at org.elasticsearch.common.netty.channel.DefaultChannelPipeline.sendUpstream(DefaultChannelPipeline.java:559)
	at org.elasticsearch.common.netty.channel.Channels.fireMessageReceived(Channels.java:268)
	at org.elasticsearch.common.netty.channel.Channels.fireMessageReceived(Channels.java:255)
	at org.elasticsearch.common.netty.channel.socket.nio.NioWorker.read(NioWorker.java:88)
	at org.elasticsearch.common.netty.channel.socket.nio.AbstractNioWorker.process(AbstractNioWorker.java:108)
	at org.elasticsearch.common.netty.channel.socket.nio.AbstractNioSelector.run(AbstractNioSelector.java:337)
	at org.elasticsearch.common.netty.channel.socket.nio.AbstractNioWorker.run(AbstractNioWorker.java:89)
	at org.elasticsearch.common.netty.channel.socket.nio.NioWorker.run(NioWorker.java:178)
	at org.elasticsearch.common.netty.util.ThreadRenamingRunnable.run(ThreadRenamingRunnable.java:108)
	at org.elasticsearch.common.netty.util.internal.DeadLockProofWorker$1.run(DeadLockProofWorker.java:42)
	at java.util.concurrent.ThreadPoolExecutor.runWorker(ThreadPoolExecutor.java:1142)
	at java.util.concurrent.ThreadPoolExecutor$Worker.run(ThreadPoolExecutor.java:617)
	at java.lang.Thread.run(Thread.java:745)
[2015-06-04 02:10:16,323][DEBUG][action.admin.indices.settings.put] [Dweller-in-Darkness] failed to update settings on indices [hivesystemcontents]
org.elasticsearch.ElasticsearchIllegalArgumentException: can't change the number of shards for an index
	at org.elasticsearch.cluster.metadata.MetaDataUpdateSettingsService.updateSettings(MetaDataUpdateSettingsService.java:175)
	at org.elasticsearch.action.admin.indices.settings.put.TransportUpdateSettingsAction.masterOperation(TransportUpdateSettingsAction.java:90)
	at org.elasticsearch.action.admin.indices.settings.put.TransportUpdateSettingsAction.masterOperation(TransportUpdateSettingsAction.java:41)
	at org.elasticsearch.action.support.master.TransportMasterNodeOperationAction$3.run(TransportMasterNodeOperationAction.java:134)
	at org.elasticsearch.common.util.concurrent.MoreExecutors$DirectExecutor.execute(MoreExecutors.java:457)
	at org.elasticsearch.action.support.master.TransportMasterNodeOperationAction.innerExecute(TransportMasterNodeOperationAction.java:130)
	at org.elasticsearch.action.support.master.TransportMasterNodeOperationAction.doExecute(TransportMasterNodeOperationAction.java:88)
	at org.elasticsearch.action.support.master.TransportMasterNodeOperationAction.doExecute(TransportMasterNodeOperationAction.java:43)
	at org.elasticsearch.action.support.TransportAction.execute(TransportAction.java:75)
	at org.elasticsearch.action.support.master.TransportMasterNodeOperationAction$TransportHandler.messageReceived(TransportMasterNodeOperationAction.java:251)
	at org.elasticsearch.action.support.master.TransportMasterNodeOperationAction$TransportHandler.messageReceived(TransportMasterNodeOperationAction.java:235)
	at org.elasticsearch.transport.netty.MessageChannelHandler.handleRequest(MessageChannelHandler.java:220)
	at org.elasticsearch.transport.netty.MessageChannelHandler.messageReceived(MessageChannelHandler.java:114)
	at org.elasticsearch.common.netty.channel.SimpleChannelUpstreamHandler.handleUpstream(SimpleChannelUpstreamHandler.java:70)
	at org.elasticsearch.common.netty.channel.DefaultChannelPipeline.sendUpstream(DefaultChannelPipeline.java:564)
	at org.elasticsearch.common.netty.channel.DefaultChannelPipeline$DefaultChannelHandlerContext.sendUpstream(DefaultChannelPipeline.java:791)
	at org.elasticsearch.common.netty.channel.Channels.fireMessageReceived(Channels.java:296)
	at org.elasticsearch.common.netty.handler.codec.frame.FrameDecoder.unfoldAndFireMessageReceived(FrameDecoder.java:462)
	at org.elasticsearch.common.netty.handler.codec.frame.FrameDecoder.callDecode(FrameDecoder.java:443)
	at org.elasticsearch.common.netty.handler.codec.frame.FrameDecoder.messageReceived(FrameDecoder.java:303)
	at org.elasticsearch.common.netty.channel.SimpleChannelUpstreamHandler.handleUpstream(SimpleChannelUpstreamHandler.java:70)
	at org.elasticsearch.common.netty.channel.DefaultChannelPipeline.sendUpstream(DefaultChannelPipeline.java:564)
	at org.elasticsearch.common.netty.channel.DefaultChannelPipeline$DefaultChannelHandlerContext.sendUpstream(DefaultChannelPipeline.java:791)
	at org.elasticsearch.common.netty.OpenChannelsHandler.handleUpstream(OpenChannelsHandler.java:74)
	at org.elasticsearch.common.netty.channel.DefaultChannelPipeline.sendUpstream(DefaultChannelPipeline.java:564)
	at org.elasticsearch.common.netty.channel.DefaultChannelPipeline.sendUpstream(DefaultChannelPipeline.java:559)
	at org.elasticsearch.common.netty.channel.Channels.fireMessageReceived(Channels.java:268)
	at org.elasticsearch.common.netty.channel.Channels.fireMessageReceived(Channels.java:255)
	at org.elasticsearch.common.netty.channel.socket.nio.NioWorker.read(NioWorker.java:88)
	at org.elasticsearch.common.netty.channel.socket.nio.AbstractNioWorker.process(AbstractNioWorker.java:108)
	at org.elasticsearch.common.netty.channel.socket.nio.AbstractNioSelector.run(AbstractNioSelector.java:337)
	at org.elasticsearch.common.netty.channel.socket.nio.AbstractNioWorker.run(AbstractNioWorker.java:89)
	at org.elasticsearch.common.netty.channel.socket.nio.NioWorker.run(NioWorker.java:178)
	at org.elasticsearch.common.netty.util.ThreadRenamingRunnable.run(ThreadRenamingRunnable.java:108)
	at org.elasticsearch.common.netty.util.internal.DeadLockProofWorker$1.run(DeadLockProofWorker.java:42)
	at java.util.concurrent.ThreadPoolExecutor.runWorker(ThreadPoolExecutor.java:1142)
	at java.util.concurrent.ThreadPoolExecutor$Worker.run(ThreadPoolExecutor.java:617)
	at java.lang.Thread.run(Thread.java:745)
[2015-06-04 02:10:22,214][DEBUG][action.admin.indices.settings.put] [Dweller-in-Darkness] failed to update settings on indices [hivesystemcontents]
org.elasticsearch.ElasticsearchIllegalArgumentException: can't change the number of shards for an index
	at org.elasticsearch.cluster.metadata.MetaDataUpdateSettingsService.updateSettings(MetaDataUpdateSettingsService.java:175)
	at org.elasticsearch.action.admin.indices.settings.put.TransportUpdateSettingsAction.masterOperation(TransportUpdateSettingsAction.java:90)
	at org.elasticsearch.action.admin.indices.settings.put.TransportUpdateSettingsAction.masterOperation(TransportUpdateSettingsAction.java:41)
	at org.elasticsearch.action.support.master.TransportMasterNodeOperationAction$3.run(TransportMasterNodeOperationAction.java:134)
	at org.elasticsearch.common.util.concurrent.MoreExecutors$DirectExecutor.execute(MoreExecutors.java:457)
	at org.elasticsearch.action.support.master.TransportMasterNodeOperationAction.innerExecute(TransportMasterNodeOperationAction.java:130)
	at org.elasticsearch.action.support.master.TransportMasterNodeOperationAction.doExecute(TransportMasterNodeOperationAction.java:88)
	at org.elasticsearch.action.support.master.TransportMasterNodeOperationAction.doExecute(TransportMasterNodeOperationAction.java:43)
	at org.elasticsearch.action.support.TransportAction.execute(TransportAction.java:75)
	at org.elasticsearch.action.support.master.TransportMasterNodeOperationAction$TransportHandler.messageReceived(TransportMasterNodeOperationAction.java:251)
	at org.elasticsearch.action.support.master.TransportMasterNodeOperationAction$TransportHandler.messageReceived(TransportMasterNodeOperationAction.java:235)
	at org.elasticsearch.transport.netty.MessageChannelHandler.handleRequest(MessageChannelHandler.java:220)
	at org.elasticsearch.transport.netty.MessageChannelHandler.messageReceived(MessageChannelHandler.java:114)
	at org.elasticsearch.common.netty.channel.SimpleChannelUpstreamHandler.handleUpstream(SimpleChannelUpstreamHandler.java:70)
	at org.elasticsearch.common.netty.channel.DefaultChannelPipeline.sendUpstream(DefaultChannelPipeline.java:564)
	at org.elasticsearch.common.netty.channel.DefaultChannelPipeline$DefaultChannelHandlerContext.sendUpstream(DefaultChannelPipeline.java:791)
	at org.elasticsearch.common.netty.channel.Channels.fireMessageReceived(Channels.java:296)
	at org.elasticsearch.common.netty.handler.codec.frame.FrameDecoder.unfoldAndFireMessageReceived(FrameDecoder.java:462)
	at org.elasticsearch.common.netty.handler.codec.frame.FrameDecoder.callDecode(FrameDecoder.java:443)
	at org.elasticsearch.common.netty.handler.codec.frame.FrameDecoder.messageReceived(FrameDecoder.java:303)
	at org.elasticsearch.common.netty.channel.SimpleChannelUpstreamHandler.handleUpstream(SimpleChannelUpstreamHandler.java:70)
	at org.elasticsearch.common.netty.channel.DefaultChannelPipeline.sendUpstream(DefaultChannelPipeline.java:564)
	at org.elasticsearch.common.netty.channel.DefaultChannelPipeline$DefaultChannelHandlerContext.sendUpstream(DefaultChannelPipeline.java:791)
	at org.elasticsearch.common.netty.OpenChannelsHandler.handleUpstream(OpenChannelsHandler.java:74)
	at org.elasticsearch.common.netty.channel.DefaultChannelPipeline.sendUpstream(DefaultChannelPipeline.java:564)
	at org.elasticsearch.common.netty.channel.DefaultChannelPipeline.sendUpstream(DefaultChannelPipeline.java:559)
	at org.elasticsearch.common.netty.channel.Channels.fireMessageReceived(Channels.java:268)
	at org.elasticsearch.common.netty.channel.Channels.fireMessageReceived(Channels.java:255)
	at org.elasticsearch.common.netty.channel.socket.nio.NioWorker.read(NioWorker.java:88)
	at org.elasticsearch.common.netty.channel.socket.nio.AbstractNioWorker.process(AbstractNioWorker.java:108)
	at org.elasticsearch.common.netty.channel.socket.nio.AbstractNioSelector.run(AbstractNioSelector.java:337)
	at org.elasticsearch.common.netty.channel.socket.nio.AbstractNioWorker.run(AbstractNioWorker.java:89)
	at org.elasticsearch.common.netty.channel.socket.nio.NioWorker.run(NioWorker.java:178)
	at org.elasticsearch.common.netty.util.ThreadRenamingRunnable.run(ThreadRenamingRunnable.java:108)
	at org.elasticsearch.common.netty.util.internal.DeadLockProofWorker$1.run(DeadLockProofWorker.java:42)
	at java.util.concurrent.ThreadPoolExecutor.runWorker(ThreadPoolExecutor.java:1142)
	at java.util.concurrent.ThreadPoolExecutor$Worker.run(ThreadPoolExecutor.java:617)
	at java.lang.Thread.run(Thread.java:745)
[2015-06-04 02:10:25,524][DEBUG][action.admin.indices.settings.put] [Dweller-in-Darkness] failed to update settings on indices [hivesystemcontents]
org.elasticsearch.ElasticsearchIllegalArgumentException: can't change the number of shards for an index
	at org.elasticsearch.cluster.metadata.MetaDataUpdateSettingsService.updateSettings(MetaDataUpdateSettingsService.java:175)
	at org.elasticsearch.action.admin.indices.settings.put.TransportUpdateSettingsAction.masterOperation(TransportUpdateSettingsAction.java:90)
	at org.elasticsearch.action.admin.indices.settings.put.TransportUpdateSettingsAction.masterOperation(TransportUpdateSettingsAction.java:41)
	at org.elasticsearch.action.support.master.TransportMasterNodeOperationAction$3.run(TransportMasterNodeOperationAction.java:134)
	at org.elasticsearch.common.util.concurrent.MoreExecutors$DirectExecutor.execute(MoreExecutors.java:457)
	at org.elasticsearch.action.support.master.TransportMasterNodeOperationAction.innerExecute(TransportMasterNodeOperationAction.java:130)
	at org.elasticsearch.action.support.master.TransportMasterNodeOperationAction.doExecute(TransportMasterNodeOperationAction.java:88)
	at org.elasticsearch.action.support.master.TransportMasterNodeOperationAction.doExecute(TransportMasterNodeOperationAction.java:43)
	at org.elasticsearch.action.support.TransportAction.execute(TransportAction.java:75)
	at org.elasticsearch.action.support.master.TransportMasterNodeOperationAction$TransportHandler.messageReceived(TransportMasterNodeOperationAction.java:251)
	at org.elasticsearch.action.support.master.TransportMasterNodeOperationAction$TransportHandler.messageReceived(TransportMasterNodeOperationAction.java:235)
	at org.elasticsearch.transport.netty.MessageChannelHandler.handleRequest(MessageChannelHandler.java:220)
	at org.elasticsearch.transport.netty.MessageChannelHandler.messageReceived(MessageChannelHandler.java:114)
	at org.elasticsearch.common.netty.channel.SimpleChannelUpstreamHandler.handleUpstream(SimpleChannelUpstreamHandler.java:70)
	at org.elasticsearch.common.netty.channel.DefaultChannelPipeline.sendUpstream(DefaultChannelPipeline.java:564)
	at org.elasticsearch.common.netty.channel.DefaultChannelPipeline$DefaultChannelHandlerContext.sendUpstream(DefaultChannelPipeline.java:791)
	at org.elasticsearch.common.netty.channel.Channels.fireMessageReceived(Channels.java:296)
	at org.elasticsearch.common.netty.handler.codec.frame.FrameDecoder.unfoldAndFireMessageReceived(FrameDecoder.java:462)
	at org.elasticsearch.common.netty.handler.codec.frame.FrameDecoder.callDecode(FrameDecoder.java:443)
	at org.elasticsearch.common.netty.handler.codec.frame.FrameDecoder.messageReceived(FrameDecoder.java:303)
	at org.elasticsearch.common.netty.channel.SimpleChannelUpstreamHandler.handleUpstream(SimpleChannelUpstreamHandler.java:70)
	at org.elasticsearch.common.netty.channel.DefaultChannelPipeline.sendUpstream(DefaultChannelPipeline.java:564)
	at org.elasticsearch.common.netty.channel.DefaultChannelPipeline$DefaultChannelHandlerContext.sendUpstream(DefaultChannelPipeline.java:791)
	at org.elasticsearch.common.netty.OpenChannelsHandler.handleUpstream(OpenChannelsHandler.java:74)
	at org.elasticsearch.common.netty.channel.DefaultChannelPipeline.sendUpstream(DefaultChannelPipeline.java:564)
	at org.elasticsearch.common.netty.channel.DefaultChannelPipeline.sendUpstream(DefaultChannelPipeline.java:559)
	at org.elasticsearch.common.netty.channel.Channels.fireMessageReceived(Channels.java:268)
	at org.elasticsearch.common.netty.channel.Channels.fireMessageReceived(Channels.java:255)
	at org.elasticsearch.common.netty.channel.socket.nio.NioWorker.read(NioWorker.java:88)
	at org.elasticsearch.common.netty.channel.socket.nio.AbstractNioWorker.process(AbstractNioWorker.java:108)
	at org.elasticsearch.common.netty.channel.socket.nio.AbstractNioSelector.run(AbstractNioSelector.java:337)
	at org.elasticsearch.common.netty.channel.socket.nio.AbstractNioWorker.run(AbstractNioWorker.java:89)
	at org.elasticsearch.common.netty.channel.socket.nio.NioWorker.run(NioWorker.java:178)
	at org.elasticsearch.common.netty.util.ThreadRenamingRunnable.run(ThreadRenamingRunnable.java:108)
	at org.elasticsearch.common.netty.util.internal.DeadLockProofWorker$1.run(DeadLockProofWorker.java:42)
	at java.util.concurrent.ThreadPoolExecutor.runWorker(ThreadPoolExecutor.java:1142)
	at java.util.concurrent.ThreadPoolExecutor$Worker.run(ThreadPoolExecutor.java:617)
	at java.lang.Thread.run(Thread.java:745)
[2015-06-04 02:21:32,618][INFO ][cluster.metadata         ] [Dweller-in-Darkness] [hivesystemcontents] deleting index
[2015-06-04 02:21:53,796][INFO ][cluster.metadata         ] [Dweller-in-Darkness] [hivesystemcontents] creating index, cause [api], templates [], shards [1]/[1], mappings [attachment]
[2015-06-04 02:25:50,676][INFO ][cluster.metadata         ] [Dweller-in-Darkness] closing indices [[hivesystemcontents]]
[2015-06-04 02:30:39,988][INFO ][cluster.metadata         ] [Dweller-in-Darkness] opening indices [[hivesystemcontents]]
[2015-06-04 02:30:42,050][INFO ][cluster.metadata         ] [Dweller-in-Darkness] [[hivesystemcontents]] remove_mapping [[attachment]]
[2015-06-04 02:30:42,217][INFO ][cluster.metadata         ] [Dweller-in-Darkness] [hivesystemcontents] create_mapping [attachment]
[2015-06-04 02:30:48,672][INFO ][cluster.metadata         ] [Dweller-in-Darkness] closing indices [[hivesystemcontents]]
[2015-06-04 02:30:48,834][INFO ][cluster.metadata         ] [Dweller-in-Darkness] opening indices [[hivesystemcontents]]
[2015-06-04 02:30:49,403][INFO ][cluster.metadata         ] [Dweller-in-Darkness] [[hivesystemcontents]] remove_mapping [[attachment]]
[2015-06-04 02:30:49,568][INFO ][cluster.metadata         ] [Dweller-in-Darkness] [hivesystemcontents] create_mapping [attachment]
[2015-06-04 02:36:10,795][INFO ][cluster.metadata         ] [Dweller-in-Darkness] closing indices [[hivesystemcontents]]
[2015-06-04 02:36:10,885][INFO ][cluster.metadata         ] [Dweller-in-Darkness] opening indices [[hivesystemcontents]]
[2015-06-04 02:36:11,156][INFO ][cluster.metadata         ] [Dweller-in-Darkness] [[hivesystemcontents]] remove_mapping [[attachment]]
[2015-06-04 02:36:11,238][INFO ][cluster.metadata         ] [Dweller-in-Darkness] [hivesystemcontents] create_mapping [attachment]
[2015-06-04 02:36:36,791][INFO ][cluster.metadata         ] [Dweller-in-Darkness] closing indices [[hivesystemcontents]]
[2015-06-04 02:36:36,879][INFO ][cluster.metadata         ] [Dweller-in-Darkness] opening indices [[hivesystemcontents]]
[2015-06-04 02:36:37,128][INFO ][cluster.metadata         ] [Dweller-in-Darkness] [[hivesystemcontents]] remove_mapping [[attachment]]
[2015-06-04 02:36:37,222][INFO ][cluster.metadata         ] [Dweller-in-Darkness] [hivesystemcontents] create_mapping [attachment]
[2015-06-04 02:41:58,973][INFO ][cluster.metadata         ] [Dweller-in-Darkness] closing indices [[hivesystemcontents]]
[2015-06-04 02:41:59,078][INFO ][cluster.metadata         ] [Dweller-in-Darkness] opening indices [[hivesystemcontents]]
[2015-06-04 02:41:59,359][INFO ][cluster.metadata         ] [Dweller-in-Darkness] [[hivesystemcontents]] remove_mapping [[attachment]]
[2015-06-04 02:41:59,441][INFO ][cluster.metadata         ] [Dweller-in-Darkness] [hivesystemcontents] create_mapping [attachment]
[2015-06-04 02:46:42,349][INFO ][cluster.metadata         ] [Dweller-in-Darkness] closing indices [[hivesystemcontents]]
[2015-06-04 02:46:42,418][INFO ][cluster.metadata         ] [Dweller-in-Darkness] opening indices [[hivesystemcontents]]
[2015-06-04 02:46:42,792][INFO ][cluster.metadata         ] [Dweller-in-Darkness] [[hivesystemcontents]] remove_mapping [[attachment]]
[2015-06-04 02:46:42,861][INFO ][cluster.metadata         ] [Dweller-in-Darkness] [hivesystemcontents] create_mapping [attachment]
[2015-06-04 02:46:46,123][INFO ][cluster.metadata         ] [Dweller-in-Darkness] closing indices [[hivesystemcontents]]
[2015-06-04 02:46:46,252][INFO ][cluster.metadata         ] [Dweller-in-Darkness] opening indices [[hivesystemcontents]]
[2015-06-04 02:46:46,514][INFO ][cluster.metadata         ] [Dweller-in-Darkness] [[hivesystemcontents]] remove_mapping [[attachment]]
[2015-06-04 02:46:46,595][INFO ][cluster.metadata         ] [Dweller-in-Darkness] [hivesystemcontents] create_mapping [attachment]
[2015-06-04 02:47:59,880][INFO ][cluster.metadata         ] [Dweller-in-Darkness] closing indices [[hivesystemcontents]]
[2015-06-04 02:47:59,955][INFO ][cluster.metadata         ] [Dweller-in-Darkness] opening indices [[hivesystemcontents]]
[2015-06-04 02:48:00,539][INFO ][cluster.metadata         ] [Dweller-in-Darkness] [[hivesystemcontents]] remove_mapping [[attachment]]
[2015-06-04 02:48:00,620][INFO ][cluster.metadata         ] [Dweller-in-Darkness] [hivesystemcontents] create_mapping [attachment]
[2015-06-04 02:50:20,488][INFO ][cluster.metadata         ] [Dweller-in-Darkness] [hivesyscontent] deleting index
[2015-06-04 02:56:46,116][INFO ][cluster.metadata         ] [Dweller-in-Darkness] closing indices [[hivesystemcontents]]
[2015-06-04 02:56:46,242][INFO ][cluster.metadata         ] [Dweller-in-Darkness] opening indices [[hivesystemcontents]]
[2015-06-04 02:56:46,525][INFO ][cluster.metadata         ] [Dweller-in-Darkness] [[hivesystemcontents]] remove_mapping [[attachment]]
[2015-06-04 02:56:46,608][INFO ][cluster.metadata         ] [Dweller-in-Darkness] [hivesystemcontents] create_mapping [attachment]
[2015-06-04 02:57:29,874][INFO ][cluster.metadata         ] [Dweller-in-Darkness] closing indices [[hivesystemcontents]]
[2015-06-04 02:57:29,957][INFO ][cluster.metadata         ] [Dweller-in-Darkness] opening indices [[hivesystemcontents]]
[2015-06-04 02:57:30,218][INFO ][cluster.metadata         ] [Dweller-in-Darkness] [[hivesystemcontents]] remove_mapping [[attachment]]
[2015-06-04 02:57:30,300][INFO ][cluster.metadata         ] [Dweller-in-Darkness] [hivesystemcontents] create_mapping [attachment]
[2015-06-04 02:57:41,197][INFO ][cluster.metadata         ] [Dweller-in-Darkness] closing indices [[hivesystemcontents]]
[2015-06-04 02:57:41,258][INFO ][cluster.metadata         ] [Dweller-in-Darkness] opening indices [[hivesystemcontents]]
[2015-06-04 02:57:41,529][INFO ][cluster.metadata         ] [Dweller-in-Darkness] [[hivesystemcontents]] remove_mapping [[attachment]]
[2015-06-04 02:57:41,611][INFO ][cluster.metadata         ] [Dweller-in-Darkness] [hivesystemcontents] create_mapping [attachment]
[2015-06-04 02:57:57,476][INFO ][cluster.metadata         ] [Dweller-in-Darkness] closing indices [[hivesystemcontents]]
[2015-06-04 02:57:57,584][INFO ][cluster.metadata         ] [Dweller-in-Darkness] opening indices [[hivesystemcontents]]
[2015-06-04 02:57:57,867][INFO ][cluster.metadata         ] [Dweller-in-Darkness] [[hivesystemcontents]] remove_mapping [[attachment]]
[2015-06-04 02:57:57,992][INFO ][cluster.metadata         ] [Dweller-in-Darkness] [hivesystemcontents] create_mapping [attachment]
[2015-06-04 02:58:56,341][INFO ][cluster.metadata         ] [Dweller-in-Darkness] closing indices [[hivesystemcontents]]
[2015-06-04 02:58:56,441][INFO ][cluster.metadata         ] [Dweller-in-Darkness] opening indices [[hivesystemcontents]]
[2015-06-04 02:58:56,691][INFO ][cluster.metadata         ] [Dweller-in-Darkness] [[hivesystemcontents]] remove_mapping [[attachment]]
[2015-06-04 02:58:56,773][INFO ][cluster.metadata         ] [Dweller-in-Darkness] [hivesystemcontents] create_mapping [attachment]
[2015-06-04 03:00:47,232][INFO ][cluster.metadata         ] [Dweller-in-Darkness] closing indices [[hivesystemcontents]]
[2015-06-04 03:00:47,319][INFO ][cluster.metadata         ] [Dweller-in-Darkness] opening indices [[hivesystemcontents]]
[2015-06-04 03:00:47,578][INFO ][cluster.metadata         ] [Dweller-in-Darkness] [[hivesystemcontents]] remove_mapping [[attachment]]
[2015-06-04 03:00:47,662][INFO ][cluster.metadata         ] [Dweller-in-Darkness] [hivesystemcontents] create_mapping [attachment]
[2015-06-04 03:24:28,313][INFO ][cluster.metadata         ] [Dweller-in-Darkness] closing indices [[hivesystemcontents]]
[2015-06-04 03:24:28,442][INFO ][cluster.metadata         ] [Dweller-in-Darkness] opening indices [[hivesystemcontents]]
[2015-06-04 03:24:42,014][INFO ][cluster.metadata         ] [Dweller-in-Darkness] closing indices [[hivesystemcontents]]
[2015-06-04 03:24:42,096][INFO ][cluster.metadata         ] [Dweller-in-Darkness] opening indices [[hivesystemcontents]]
[2015-06-04 03:25:18,637][INFO ][cluster.metadata         ] [Dweller-in-Darkness] closing indices [[hivesystemcontents]]
[2015-06-04 03:25:18,703][INFO ][cluster.metadata         ] [Dweller-in-Darkness] opening indices [[hivesystemcontents]]
[2015-06-04 03:27:13,058][INFO ][org.apache.pdfbox.pdfparser.PDFParser] Document is encrypted
[2015-06-04 03:36:18,465][INFO ][cluster.metadata         ] [Dweller-in-Darkness] closing indices [[hivesystemcontents]]
[2015-06-04 03:36:18,751][INFO ][cluster.metadata         ] [Dweller-in-Darkness] opening indices [[hivesystemcontents]]
[2015-06-04 03:36:19,932][INFO ][org.apache.pdfbox.pdfparser.PDFParser] Document is encrypted
[2015-06-04 03:38:50,827][INFO ][cluster.metadata         ] [Dweller-in-Darkness] closing indices [[hivesystemcontents]]
[2015-06-04 03:38:51,383][INFO ][cluster.metadata         ] [Dweller-in-Darkness] opening indices [[hivesystemcontents]]
[2015-06-04 03:46:47,214][INFO ][cluster.metadata         ] [Dweller-in-Darkness] closing indices [[hivesystemcontents]]
[2015-06-04 03:46:47,384][INFO ][cluster.metadata         ] [Dweller-in-Darkness] opening indices [[hivesystemcontents]]
[2015-06-04 03:48:16,214][INFO ][cluster.metadata         ] [Dweller-in-Darkness] closing indices [[hivesystemcontents]]
[2015-06-04 03:48:16,313][INFO ][cluster.metadata         ] [Dweller-in-Darkness] opening indices [[hivesystemcontents]]
[2015-06-04 03:49:58,522][INFO ][cluster.metadata         ] [Dweller-in-Darkness] closing indices [[hivesystemcontents]]
[2015-06-04 03:49:58,972][INFO ][cluster.metadata         ] [Dweller-in-Darkness] opening indices [[hivesystemcontents]]
[2015-06-04 03:53:03,757][INFO ][cluster.metadata         ] [Dweller-in-Darkness] closing indices [[hivesystemcontents]]
[2015-06-04 03:53:03,837][INFO ][cluster.metadata         ] [Dweller-in-Darkness] opening indices [[hivesystemcontents]]
[2015-06-04 03:53:12,134][INFO ][cluster.metadata         ] [Dweller-in-Darkness] closing indices [[hivesystemcontents]]
[2015-06-04 03:53:12,242][INFO ][cluster.metadata         ] [Dweller-in-Darkness] opening indices [[hivesystemcontents]]
[2015-06-04 03:53:24,833][INFO ][cluster.metadata         ] [Dweller-in-Darkness] closing indices [[hivesystemcontents]]
[2015-06-04 03:53:25,102][INFO ][cluster.metadata         ] [Dweller-in-Darkness] opening indices [[hivesystemcontents]]
[2015-06-04 03:55:05,995][INFO ][cluster.metadata         ] [Dweller-in-Darkness] closing indices [[hivesystemcontents]]
[2015-06-04 03:55:06,456][INFO ][cluster.metadata         ] [Dweller-in-Darkness] opening indices [[hivesystemcontents]]
[2015-06-04 03:55:49,893][INFO ][cluster.metadata         ] [Dweller-in-Darkness] closing indices [[hivesystemcontents]]
[2015-06-04 03:55:50,352][INFO ][cluster.metadata         ] [Dweller-in-Darkness] opening indices [[hivesystemcontents]]
[2015-06-04 03:57:18,266][INFO ][cluster.metadata         ] [Dweller-in-Darkness] closing indices [[hivesystemcontents]]
[2015-06-04 03:57:19,066][INFO ][cluster.metadata         ] [Dweller-in-Darkness] opening indices [[hivesystemcontents]]
[2015-06-04 03:58:01,436][INFO ][cluster.metadata         ] [Dweller-in-Darkness] closing indices [[hivesystemcontents]]
[2015-06-04 03:58:01,815][INFO ][cluster.metadata         ] [Dweller-in-Darkness] opening indices [[hivesystemcontents]]
[2015-06-04 04:02:57,708][WARN ][org.apache.pdfbox.pdfparser.BaseParser] Specified stream length 368 is wrong. Fall back to reading stream until 'endstream'.
[2015-06-04 04:02:57,728][INFO ][org.apache.pdfbox.pdfparser.PDFParser] Document is encrypted
[2015-06-04 04:04:53,298][INFO ][cluster.metadata         ] [Dweller-in-Darkness] closing indices [[hivesystemcontents]]
[2015-06-04 04:04:53,563][INFO ][cluster.metadata         ] [Dweller-in-Darkness] opening indices [[hivesystemcontents]]
[2015-06-04 04:04:58,289][WARN ][org.apache.pdfbox.pdfparser.BaseParser] Specified stream length 368 is wrong. Fall back to reading stream until 'endstream'.
[2015-06-04 04:04:58,393][INFO ][org.apache.pdfbox.pdfparser.PDFParser] Document is encrypted
[2015-06-04 04:05:04,329][INFO ][cluster.metadata         ] [Dweller-in-Darkness] closing indices [[hivesystemcontents]]
[2015-06-04 04:05:04,420][INFO ][cluster.metadata         ] [Dweller-in-Darkness] opening indices [[hivesystemcontents]]
[2015-06-04 04:13:55,908][INFO ][cluster.metadata         ] [Dweller-in-Darkness] closing indices [[hivesystemcontents]]
[2015-06-04 04:13:56,549][INFO ][cluster.metadata         ] [Dweller-in-Darkness] opening indices [[hivesystemcontents]]
[2015-06-04 04:15:25,495][INFO ][cluster.metadata         ] [Dweller-in-Darkness] closing indices [[hivesystemcontents]]
[2015-06-04 04:15:26,045][INFO ][cluster.metadata         ] [Dweller-in-Darkness] opening indices [[hivesystemcontents]]
[2015-06-04 04:15:32,281][INFO ][cluster.metadata         ] [Dweller-in-Darkness] closing indices [[hivesystemcontents]]
[2015-06-04 04:15:32,377][INFO ][cluster.metadata         ] [Dweller-in-Darkness] opening indices [[hivesystemcontents]]
[2015-06-04 04:16:26,330][INFO ][cluster.metadata         ] [Dweller-in-Darkness] closing indices [[hivesystemcontents]]
[2015-06-04 04:16:26,417][INFO ][cluster.metadata         ] [Dweller-in-Darkness] opening indices [[hivesystemcontents]]
[2015-06-04 04:18:06,490][INFO ][cluster.metadata         ] [Dweller-in-Darkness] closing indices [[hivesystemcontents]]
[2015-06-04 04:18:06,557][INFO ][cluster.metadata         ] [Dweller-in-Darkness] opening indices [[hivesystemcontents]]
[2015-06-04 04:20:55,171][INFO ][cluster.metadata         ] [Dweller-in-Darkness] closing indices [[hivesystemcontents]]
[2015-06-04 04:20:55,277][INFO ][cluster.metadata         ] [Dweller-in-Darkness] opening indices [[hivesystemcontents]]
[2015-06-04 04:21:14,685][INFO ][cluster.metadata         ] [Dweller-in-Darkness] closing indices [[hivesystemcontents]]
[2015-06-04 04:21:14,773][INFO ][cluster.metadata         ] [Dweller-in-Darkness] opening indices [[hivesystemcontents]]
[2015-06-04 05:17:54,816][INFO ][cluster.metadata         ] [Dweller-in-Darkness] closing indices [[hivesystemcontents]]
[2015-06-04 05:17:55,053][INFO ][cluster.metadata         ] [Dweller-in-Darkness] opening indices [[hivesystemcontents]]
[2015-06-04 05:19:03,818][INFO ][cluster.metadata         ] [Dweller-in-Darkness] closing indices [[hivesystemcontents]]
[2015-06-04 05:19:03,984][INFO ][cluster.metadata         ] [Dweller-in-Darkness] opening indices [[hivesystemcontents]]
[2015-06-04 05:19:38,441][INFO ][cluster.metadata         ] [Dweller-in-Darkness] closing indices [[hivesystemcontents]]
[2015-06-04 05:19:38,698][INFO ][cluster.metadata         ] [Dweller-in-Darkness] opening indices [[hivesystemcontents]]
[2015-06-04 05:19:45,024][INFO ][cluster.metadata         ] [Dweller-in-Darkness] closing indices [[hivesystemcontents]]
[2015-06-04 05:19:45,145][INFO ][cluster.metadata         ] [Dweller-in-Darkness] opening indices [[hivesystemcontents]]
[2015-06-04 05:22:17,457][INFO ][cluster.metadata         ] [Dweller-in-Darkness] closing indices [[hivesystemcontents]]
[2015-06-04 05:22:17,648][INFO ][cluster.metadata         ] [Dweller-in-Darkness] opening indices [[hivesystemcontents]]
[2015-06-04 05:22:26,448][INFO ][cluster.metadata         ] [Dweller-in-Darkness] closing indices [[hivesystemcontents]]
[2015-06-04 05:22:26,532][INFO ][cluster.metadata         ] [Dweller-in-Darkness] opening indices [[hivesystemcontents]]
[2015-06-04 06:16:17,319][INFO ][node                     ] [Amiko Kobayashi] version[1.5.2], pid[12087], build[62ff986/2015-04-27T09:21:06Z]
[2015-06-04 06:16:17,320][INFO ][node                     ] [Amiko Kobayashi] initializing ...
[2015-06-04 06:16:17,351][INFO ][plugins                  ] [Amiko Kobayashi] loaded [mapper-attachments, clustering-carrot2], sites [head, carrot2]
[2015-06-04 06:16:18,912][INFO ][node                     ] [Amiko Kobayashi] initialized
[2015-06-04 06:16:18,913][INFO ][node                     ] [Amiko Kobayashi] starting ...
[2015-06-04 06:16:18,916][INFO ][plugin.carrot2           ] [Amiko Kobayashi] Resources dir: /home/swoorup/KBLSys/elasticsearch-1.5.2/config/.
[2015-06-04 06:16:19,318][INFO ][plugin.carrot2           ] [Amiko Kobayashi] Available clustering components: lingo, stc, kmeans, byurl
[2015-06-04 06:16:19,318][INFO ][plugin.carrot2           ] [Amiko Kobayashi] Unavailable clustering components: lingo3g
[2015-06-04 06:16:19,376][INFO ][transport                ] [Amiko Kobayashi] bound_address {inet[/0:0:0:0:0:0:0:0:9300]}, publish_address {inet[/10.1.1.2:9300]}
[2015-06-04 06:16:19,391][INFO ][discovery                ] [Amiko Kobayashi] elasticsearch/iT5Pi22XQA2hPblqx5iTZA
[2015-06-04 06:16:23,158][INFO ][cluster.service          ] [Amiko Kobayashi] new_master [Amiko Kobayashi][iT5Pi22XQA2hPblqx5iTZA][metabox][inet[/10.1.1.2:9300]], reason: zen-disco-join (elected_as_master)
[2015-06-04 06:16:23,180][INFO ][http                     ] [Amiko Kobayashi] bound_address {inet[/0:0:0:0:0:0:0:0:9200]}, publish_address {inet[/10.1.1.2:9200]}
[2015-06-04 06:16:23,180][INFO ][node                     ] [Amiko Kobayashi] started
[2015-06-04 06:16:23,628][INFO ][gateway                  ] [Amiko Kobayashi] recovered [3] indices into cluster_state
[2015-06-04 06:22:02,005][INFO ][cluster.metadata         ] [Amiko Kobayashi] closing indices [[hivesystemcontents]]
[2015-06-04 06:22:02,186][INFO ][cluster.metadata         ] [Amiko Kobayashi] opening indices [[hivesystemcontents]]
[2015-06-04 06:34:32,494][INFO ][cluster.metadata         ] [Amiko Kobayashi] closing indices [[hivesystemcontents]]
[2015-06-04 06:34:32,593][INFO ][cluster.metadata         ] [Amiko Kobayashi] opening indices [[hivesystemcontents]]
[2015-06-04 06:37:07,986][INFO ][cluster.metadata         ] [Amiko Kobayashi] closing indices [[hivesystemcontents]]
[2015-06-04 06:37:08,101][INFO ][cluster.metadata         ] [Amiko Kobayashi] opening indices [[hivesystemcontents]]
[2015-06-04 06:39:39,713][INFO ][cluster.metadata         ] [Amiko Kobayashi] closing indices [[hivesystemcontents]]
[2015-06-04 06:39:39,864][INFO ][cluster.metadata         ] [Amiko Kobayashi] opening indices [[hivesystemcontents]]
[2015-06-04 06:43:30,614][INFO ][org.apache.pdfbox.pdfparser.PDFParser] Document is encrypted
[2015-06-04 06:43:31,877][INFO ][org.apache.pdfbox.pdfparser.PDFParser] Document is encrypted
[2015-06-04 06:43:33,479][INFO ][org.apache.pdfbox.pdfparser.PDFParser] Document is encrypted
[2015-06-04 06:43:33,630][WARN ][org.apache.pdfbox.pdfparser.BaseParser] Specified stream length 368 is wrong. Fall back to reading stream until 'endstream'.
[2015-06-04 06:43:33,682][INFO ][org.apache.pdfbox.pdfparser.PDFParser] Document is encrypted
